
binaerbaumeiffel: system execution failed.
Following is the set of recorded exceptions:

-------------------------------------------------------------------------------
Class / Object      Routine                Nature of exception           Effect
-------------------------------------------------------------------------------
BINARYTREE          addrekursive @14                                    
<000000320D8317B8>                         Postcondition violated.       Fail
-------------------------------------------------------------------------------
BINARYTREE          addrekursive @14                                    
<000000320D8317B8>                         Routine failure.              Fail
-------------------------------------------------------------------------------
BINARYTREE          add @3                                              
<000000320D8317B8>                         Routine failure.              Fail
-------------------------------------------------------------------------------
APPLICATION         make @2                                             
<000000320D8315A8>                         Routine failure.              Fail
-------------------------------------------------------------------------------
APPLICATION         root's creation                                     
<000000320D8315A8>                         Routine failure.              Exit
-------------------------------------------------------------------------------

binaerbaumeiffel: system execution failed.
Following is the set of recorded exceptions:

-------------------------------------------------------------------------------
Class / Object      Routine                Nature of exception           Effect
-------------------------------------------------------------------------------
BINARYTREE          add @1                                              
<0000008B7D5665E8>                         Precondition violated.        Fail
-------------------------------------------------------------------------------
APPLICATION         make @9                                             
<0000008B7D5665A8>                         Routine failure.              Fail
-------------------------------------------------------------------------------
APPLICATION         root's creation                                     
<0000008B7D5665A8>                         Routine failure.              Exit
-------------------------------------------------------------------------------
